<?xml version="1.0" encoding="utf-8"?><testsuites><testsuite errors="0" failures="1" hostname="LAPTOP-ECGH8FIR" name="pytest" skipped="0" tests="4" time="3.580" timestamp="2020-05-17T15:03:15.675644"><testcase classname="test_submit" file="test_submit.py" line="3" name="test_q1" time="0.001"></testcase><testcase classname="test_submit" file="test_submit.py" line="8" name="test_q2" time="0.003"></testcase><testcase classname="test_submit" file="test_submit.py" line="13" name="test_q3" time="0.057"><failure message="assert None == (186.556, -6.592)
  -None
  +(186.556, -6.592)">E   assert None == (186.556, -6.592)
      -None
      +(186.556, -6.592)</failure></testcase><testcase classname="test_submit" file="test_submit.py" line="18" name="test_q4" time="0.445"></testcase></testsuite></testsuites>