<?xml version="1.0" encoding="utf-8"?><testsuites><testsuite errors="0" failures="0" hostname="LAPTOP-ECGH8FIR" name="pytest" skipped="0" tests="4" time="3.435" timestamp="2020-05-17T21:16:23.302517"><testcase classname="test_submit" file="test_submit.py" line="3" name="test_q1" time="0.054"></testcase><testcase classname="test_submit" file="test_submit.py" line="8" name="test_q2" time="0.001"></testcase><testcase classname="test_submit" file="test_submit.py" line="13" name="test_q3" time="0.000"></testcase><testcase classname="test_submit" file="test_submit.py" line="18" name="test_q4" time="0.415"></testcase></testsuite></testsuites>